# JRE version: Java(TM) SE Runtime Environment (17.0.10+11) (build 17.0.10+11-LTS-240)
# Java VM: Java HotSpot(TM) 64-Bit Server VM (17.0.10+11-LTS-240, mixed mode, sharing, tiered, compressed oops, compressed class ptrs, g1 gc, windows-amd64)
GC Precious Log:
 CPUs: 8 total, 8 available
 Memory: 6081M
 Large Page Support: Disabled
 NUMA Support: Disabled
 Compressed Oops: Enabled (32-bit)
 Heap Region Size: 1M
 Heap Min Capacity: 8M
 Heap Initial Capacity: 96M
 Heap Max Capacity: 2G
 Pre-touch: Disabled
 Parallel Workers: 8
 Concurrent Workers: 2
 Concurrent Refinement Workers: 8
 Periodic GC: Disabled
Heap:
 garbage-first heap   total 379904K, used 134493K [0x0000000080000000, 0x0000000100000000)
  region size 1024K, 2 young (2048K), 2 survivors (2048K)
 Metaspace       used 93981K, committed 94976K, reserved 557056K
  class space    used 12880K, committed 13376K, reserved 425984K
GC Heap History (20 events):
Event: 512.645 GC heap after
{Heap after GC invocations=48 (full 0):
 garbage-first heap   total 379904K, used 77737K [0x0000000080000000, 0x0000000100000000)
  region size 1024K, 3 young (3072K), 3 survivors (3072K)
 Metaspace       used 73200K, committed 73856K, reserved 491520K
  class space    used 9954K, committed 10304K, reserved 425984K
}
Event: 520.412 GC heap before
{Heap before GC invocations=48 (full 0):
 garbage-first heap   total 379904K, used 112553K [0x0000000080000000, 0x0000000100000000)
  region size 1024K, 37 young (37888K), 3 survivors (3072K)
 Metaspace       used 77462K, committed 78208K, reserved 557056K
  class space    used 10679K, committed 11008K, reserved 425984K
}
Event: 520.427 GC heap after
{Heap after GC invocations=49 (full 0):
 garbage-first heap   total 379904K, used 79578K [0x0000000080000000, 0x0000000100000000)
  region size 1024K, 5 young (5120K), 5 survivors (5120K)
 Metaspace       used 77462K, committed 78208K, reserved 557056K
  class space    used 10679K, committed 11008K, reserved 425984K
}
Event: 529.146 GC heap before
{Heap before GC invocations=49 (full 0):
 garbage-first heap   total 379904K, used 104154K [0x0000000080000000, 0x0000000100000000)
  region size 1024K, 30 young (30720K), 5 survivors (5120K)
 Metaspace       used 79456K, committed 80128K, reserved 557056K
  class space    used 10944K, committed 11264K, reserved 425984K
}
Event: 529.575 GC heap after
{Heap after GC invocations=50 (full 0):
 garbage-first heap   total 379904K, used 81901K [0x0000000080000000, 0x0000000100000000)
  region size 1024K, 5 young (5120K), 5 survivors (5120K)
 Metaspace       used 79456K, committed 80128K, reserved 557056K
  class space    used 10944K, committed 11264K, reserved 425984K
}
Event: 580.660 GC heap before
{Heap before GC invocations=51 (full 0):
 garbage-first heap   total 317440K, used 114669K [0x0000000080000000, 0x0000000100000000)
  region size 1024K, 37 young (37888K), 5 survivors (5120K)
 Metaspace       used 81119K, committed 81920K, reserved 557056K
  class space    used 11268K, committed 11648K, reserved 425984K
}
Event: 580.805 GC heap after
{Heap after GC invocations=52 (full 0):
 garbage-first heap   total 317440K, used 85489K [0x0000000080000000, 0x0000000100000000)
  region size 1024K, 5 young (5120K), 5 survivors (5120K)
 Metaspace       used 81119K, committed 81920K, reserved 557056K
  class space    used 11268K, committed 11648K, reserved 425984K
}
Event: 584.916 GC heap before
{Heap before GC invocations=52 (full 0):
 garbage-first heap   total 317440K, used 95729K [0x0000000080000000, 0x0000000100000000)
  region size 1024K, 15 young (15360K), 5 survivors (5120K)
 Metaspace       used 81560K, committed 82368K, reserved 557056K
  class space    used 11321K, committed 11712K, reserved 425984K
}
Event: 585.343 GC heap after
{Heap after GC invocations=53 (full 0):
 garbage-first heap   total 317440K, used 86999K [0x0000000080000000, 0x0000000100000000)
  region size 1024K, 2 young (2048K), 2 survivors (2048K)
 Metaspace       used 81560K, committed 82368K, reserved 557056K
  class space    used 11321K, committed 11712K, reserved 425984K
}
Event: 616.625 GC heap before
{Heap before GC invocations=53 (full 0):
 garbage-first heap   total 317440K, used 158679K [0x0000000080000000, 0x0000000100000000)
  region size 1024K, 67 young (68608K), 2 survivors (2048K)
 Metaspace       used 84310K, committed 85120K, reserved 557056K
  class space    used 11619K, committed 12032K, reserved 425984K
}
Event: 616.780 GC heap after
{Heap after GC invocations=54 (full 0):
 garbage-first heap   total 317440K, used 100830K [0x0000000080000000, 0x0000000100000000)
  region size 1024K, 9 young (9216K), 9 survivors (9216K)
 Metaspace       used 84310K, committed 85120K, reserved 557056K
  class space    used 11619K, committed 12032K, reserved 425984K
}
Event: 618.265 GC heap before
{Heap before GC invocations=54 (full 0):
 garbage-first heap   total 317440K, used 110046K [0x0000000080000000, 0x0000000100000000)
  region size 1024K, 19 young (19456K), 9 survivors (9216K)
 Metaspace       used 84358K, committed 85184K, reserved 557056K
  class space    used 11621K, committed 12032K, reserved 425984K
}
Event: 618.290 GC heap after
{Heap after GC invocations=55 (full 0):
 garbage-first heap   total 317440K, used 102643K [0x0000000080000000, 0x0000000100000000)
  region size 1024K, 2 young (2048K), 2 survivors (2048K)
 Metaspace       used 84358K, committed 85184K, reserved 557056K
  class space    used 11621K, committed 12032K, reserved 425984K
}
Event: 651.489 GC heap before
{Heap before GC invocations=55 (full 0):
 garbage-first heap   total 317440K, used 188659K [0x0000000080000000, 0x0000000100000000)
  region size 1024K, 82 young (83968K), 2 survivors (2048K)
 Metaspace       used 89674K, committed 90560K, reserved 557056K
  class space    used 12381K, committed 12800K, reserved 425984K
}
Event: 651.845 GC heap after
{Heap after GC invocations=56 (full 0):
 garbage-first heap   total 317440K, used 123007K [0x0000000080000000, 0x0000000100000000)
  region size 1024K, 11 young (11264K), 11 survivors (11264K)
 Metaspace       used 89674K, committed 90560K, reserved 557056K
  class space    used 12381K, committed 12800K, reserved 425984K
}
Event: 652.514 GC heap before
{Heap before GC invocations=56 (full 0):
 garbage-first heap   total 317440K, used 127103K [0x0000000080000000, 0x0000000100000000)
  region size 1024K, 15 young (15360K), 11 survivors (11264K)
 Metaspace       used 90056K, committed 90944K, reserved 557056K
  class space    used 12431K, committed 12864K, reserved 425984K
}
Event: 652.544 GC heap after
{Heap after GC invocations=57 (full 0):
 garbage-first heap   total 317440K, used 125041K [0x0000000080000000, 0x0000000100000000)
  region size 1024K, 2 young (2048K), 2 survivors (2048K)
 Metaspace       used 90056K, committed 90944K, reserved 557056K
  class space    used 12431K, committed 12864K, reserved 425984K
}
Event: 674.692 GC heap before
{Heap before GC invocations=57 (full 0):
 garbage-first heap   total 317440K, used 197745K [0x0000000080000000, 0x0000000100000000)
  region size 1024K, 73 young (74752K), 2 survivors (2048K)
 Metaspace       used 93791K, committed 94720K, reserved 557056K
  class space    used 12855K, committed 13312K, reserved 425984K
}
Event: 675.709 GC heap after
{Heap after GC invocations=58 (full 0):
 garbage-first heap   total 317440K, used 133384K [0x0000000080000000, 0x0000000100000000)
  region size 1024K, 10 young (10240K), 10 survivors (10240K)
 Metaspace       used 93791K, committed 94720K, reserved 557056K
  class space    used 12855K, committed 13312K, reserved 425984K
}
Event: 676.991 GC heap before
{Heap before GC invocations=58 (full 0):
 garbage-first heap   total 317440K, used 138504K [0x0000000080000000, 0x0000000100000000)
  region size 1024K, 15 young (15360K), 10 survivors (10240K)
 Metaspace       used 93981K, committed 94976K, reserved 557056K
  class space    used 12880K, committed 13376K, reserved 425984K
}

